<?xml version="1.0" encoding="UTF-8"?>
<testng-results ignored="0" total="1" passed="1" failed="0" skipped="0">
  <reporter-output>
  </reporter-output>
  <suite started-at="2024-09-27T12:16:13 PDT" name="Default suite" finished-at="2024-09-27T12:16:25 PDT" duration-ms="11761">
    <groups>
    </groups>
    <test started-at="2024-09-27T12:16:13 PDT" name="Default test" finished-at="2024-09-27T12:16:25 PDT" duration-ms="11761">
      <class name="Tests.LoginTests">
        <test-method is-config="true" signature="set1()[pri:0, instance:Tests.LoginTests@47e2e487]" started-at="2024-09-27T12:16:13 PDT" name="set1" finished-at="2024-09-27T12:16:23 PDT" duration-ms="9700" status="PASS">
          <reporter-output>
          </reporter-output>
        </test-method> <!-- set1 -->
        <test-method signature="execute()[pri:0, instance:Tests.LoginTests@47e2e487]" started-at="2024-09-27T12:16:23 PDT" name="execute" finished-at="2024-09-27T12:16:25 PDT" duration-ms="1992" status="PASS">
          <reporter-output>
          </reporter-output>
        </test-method> <!-- execute -->
      </class> <!-- Tests.LoginTests -->
    </test> <!-- Default test -->
  </suite> <!-- Default suite -->
</testng-results>
