<?xml version="1.0" encoding="UTF-8"?>
<testng-results ignored="0" total="2" passed="2" failed="0" skipped="0">
  <reporter-output>
  </reporter-output>
  <suite started-at="2024-10-23T15:45:45 PDT" name="Default suite" finished-at="2024-10-23T15:45:58 PDT" duration-ms="12194">
    <groups>
    </groups>
    <test started-at="2024-10-23T15:45:45 PDT" name="Default test" finished-at="2024-10-23T15:45:58 PDT" duration-ms="12194">
      <class name="Tests.LoginTests">
        <test-method is-config="true" signature="set1()[pri:0, instance:Tests.LoginTests@3cebbb30]" started-at="2024-10-23T15:45:45 PDT" name="set1" finished-at="2024-10-23T15:45:53 PDT" duration-ms="8025" status="PASS">
          <reporter-output>
          </reporter-output>
        </test-method> <!-- set1 -->
        <test-method signature="execute()[pri:0, instance:Tests.LoginTests@3cebbb30]" started-at="2024-10-23T15:45:54 PDT" name="execute" finished-at="2024-10-23T15:45:57 PDT" duration-ms="3868" status="PASS">
          <reporter-output>
          </reporter-output>
        </test-method> <!-- execute -->
        <test-method signature="runshot()[pri:0, instance:Tests.LoginTests@3cebbb30]" started-at="2024-10-23T15:45:57 PDT" name="runshot" finished-at="2024-10-23T15:45:58 PDT" duration-ms="222" status="PASS">
          <reporter-output>
          </reporter-output>
        </test-method> <!-- runshot -->
      </class> <!-- Tests.LoginTests -->
    </test> <!-- Default test -->
  </suite> <!-- Default suite -->
</testng-results>
